>> Writing PID to thin.21119.pid
>> Thin web server (v1.2.5 codename This Is Not A Web Server)
>> Maximum connections set to 1024
>> Listening on 0.0.0.0:21119, CTRL+C to stop
!! Unexpected error while processing request: interning empty string
Rack::Reloader: reloaded `/Users/voloko/code/ukijs.org/uki.rb'
!! Unexpected error while processing request: No such file or directory - ./views/src/uki-theamless.cjs.haml
!! Unexpected error while processing request: No such file or directory - ././../uki/src/uki-core/src/uki-theamless.js
!! Unexpected error while processing request: No such file or directory - ././../uki/src/uki-core/src/uki-theamless.js
Rack::Reloader: reloaded `/Users/voloko/code/ukijs.org/uki.rb'
!! Unexpected error while processing request: No such file or directory - ././../uki/src/uki-core/src/uki-theamless.js
>> Exiting!
>> Writing PID to thin.21119.pid
>> Thin web server (v1.2.5 codename This Is Not A Web Server)
>> Maximum connections set to 1024
>> Listening on 0.0.0.0:21119, CTRL+C to stop
!! Unexpected error while processing request: No such file or directory - ././../uki/src/src/uki-theamless.js
!! Unexpected error while processing request: No such file or directory - ./views/favicon.ico.haml
!! Unexpected error while processing request: No such file or directory - ./views/favicon.ico.haml
!! Unexpected error while processing request: No such file or directory - ./views/favicon.ico.haml
!! Unexpected error while processing request: No such file or directory - ./views/favicon.ico.haml
Rack::Reloader: reloaded `/Users/voloko/code/ukijs.org/uki.rb'
!! Unexpected error while processing request: No such file or directory - ./views/favicon.ico.haml
!! Unexpected error while processing request: No such file or directory - ./views/favicon.ico.haml
>> Exiting!
>> Writing PID to thin.21119.pid
>> Thin web server (v1.2.5 codename This Is Not A Web Server)
>> Maximum connections set to 1024
>> Listening on 0.0.0.0:21119, CTRL+C to stop
!! Unexpected error while processing request: No such file or directory - ./views/favicon.ico.haml
!! Unexpected error while processing request: No such file or directory - ./views/favicon.ico.haml
!! Unexpected error while processing request: No such file or directory - ./views/favicon.ico.haml
!! Unexpected error while processing request: No such file or directory - ./views/favicon.ico.haml
!! Unexpected error while processing request: No such file or directory - ./views/favicon.ico.haml
!! Unexpected error while processing request: No such file or directory - ./views/favicon.ico.haml
>> Exiting!
>> Writing PID to thin.21119.pid
>> Thin web server (v1.2.5 codename This Is Not A Web Server)
>> Maximum connections set to 1024
>> Listening on 0.0.0.0:21119, CTRL+C to stop
!! Unexpected error while processing request: No such file or directory - ./views/../src/uki-core/uki.js
!! Unexpected error while processing request: No such file or directory - ./views/../src/uki-core/uki.js
!! Unexpected error while processing request: No such file or directory - ./views/../src/uki-core/uki.js
!! Unexpected error while processing request: No such file or directory - ./views/example.txt
!! Unexpected error while processing request: No such file or directory - ./views/app/css/master.css.haml
!! Unexpected error while processing request: No such file or directory - ./views/src/uki.cjs.haml
!! Unexpected error while processing request: No such file or directory - ./views/app/css/master.css.haml
!! Unexpected error while processing request: No such file or directory - ./views/app/hlt/shCore.js.haml
!! Unexpected error while processing request: No such file or directory - ./views/app/hlt/shBrushJScript.js.haml
!! Unexpected error while processing request: No such file or directory - ./views/app/promo.js.haml
!! Unexpected error while processing request: No such file or directory - ./views/app/hlt/shCore.css.haml
!! Unexpected error while processing request: No such file or directory - ./views/app/hlt/shThemeUki.css.haml
!! Unexpected error while processing request: No such file or directory - ./views/src/uki.cjs.haml
!! Unexpected error while processing request: No such file or directory - ./views/src/uki.cjs.haml
!! Unexpected error while processing request: No such file or directory - ./views/app/functional/splitPaneEx.cjs.haml
!! Unexpected error while processing request: No such file or directory - ./views/app/functional/splitPaneEx.cjs.haml
!! Unexpected error while processing request: No such file or directory - ./views/app/functional/splitPaneEx.cjs.haml
!! Unexpected error while processing request: No such file or directory - ./views/favicon.ico.haml
!! Unexpected error while processing request: No such file or directory - ./views/app/functional/splitPaneEx.cjs.haml
!! Unexpected error while processing request: No such file or directory - ./views/app/functional/splitPaneEx.cjs.haml
!! Unexpected error while processing request: No such file or directory - ./views/favicon.ico.haml
>> Exiting!
>> Writing PID to thin.21119.pid
>> Thin web server (v1.2.5 codename This Is Not A Web Server)
>> Maximum connections set to 1024
>> Listening on 0.0.0.0:21119, CTRL+C to stop
!! Unexpected error while processing request: private method `sub' called for ["src/uki-theamless"]:Array
!! Unexpected error while processing request: private method `sub' called for ["uki-theamless"]:Array
Rack::Reloader: reloaded `/Users/voloko/code/ukijs.org/uki.rb'
!! Unexpected error while processing request: private method `sub' called for ["uki-theamless"]:Array
>> Exiting!
>> Writing PID to thin.21119.pid
>> Thin web server (v1.2.5 codename This Is Not A Web Server)
>> Maximum connections set to 1024
>> Listening on 0.0.0.0:21119, CTRL+C to stop
!! Unexpected error while processing request: No such file or directory - ././../uki/src/uki-theamless
>> Exiting!
>> Writing PID to thin.21119.pid
>> Thin web server (v1.2.5 codename This Is Not A Web Server)
>> Maximum connections set to 1024
>> Listening on 0.0.0.0:21119, CTRL+C to stop
>> Exiting!
>> Writing PID to thin.21119.pid
>> Thin web server (v1.2.5 codename This Is Not A Web Server)
>> Maximum connections set to 1024
>> Listening on 0.0.0.0:21119, CTRL+C to stop
!! Unexpected error while processing request: undefined method `exists' for File:Class
>> Exiting!
>> Writing PID to thin.21119.pid
>> Thin web server (v1.2.5 codename This Is Not A Web Server)
>> Maximum connections set to 1024
>> Listening on 0.0.0.0:21119, CTRL+C to stop
>> Exiting!
>> Writing PID to thin.21119.pid
>> Thin web server (v1.2.5 codename This Is Not A Web Server)
>> Maximum connections set to 1024
>> Listening on 0.0.0.0:21119, CTRL+C to stop
!! Unexpected error while processing request: undefined method `[]' for nil:NilClass
!! Unexpected error while processing request: undefined method `[]' for nil:NilClass
>> Exiting!
>> Writing PID to thin.21119.pid
>> Thin web server (v1.2.5 codename This Is Not A Web Server)
>> Maximum connections set to 1024
>> Listening on 0.0.0.0:21119, CTRL+C to stop
!! Unexpected error while processing request: Is a directory - ././examples/all
!! Unexpected error while processing request: Is a directory - ././examples/all
>> Exiting!
>> Writing PID to thin.21119.pid
>> Thin web server (v1.2.5 codename This Is Not A Web Server)
>> Maximum connections set to 1024
>> Listening on 0.0.0.0:21119, CTRL+C to stop
!! Unexpected error while processing request: Is a directory - ././examples/all
!! Unexpected error while processing request: Is a directory - ././examples/all
!! Unexpected error while processing request: Is a directory - ././examples/all
>> Exiting!
>> Writing PID to thin.21119.pid
>> Thin web server (v1.2.5 codename This Is Not A Web Server)
>> Maximum connections set to 1024
>> Listening on 0.0.0.0:21119, CTRL+C to stop
>> Waiting for 1 connection(s) to finish, can take up to 30 sec, CTRL+C to stop now
>> Exiting!
>> Writing PID to thin.21119.pid
>> Thin web server (v1.2.5 codename This Is Not A Web Server)
>> Maximum connections set to 1024
>> Listening on 0.0.0.0:21119, CTRL+C to stop
!! Unexpected error while processing request: No such file or directory - ./examples/all.js/all.js.js
!! Unexpected error while processing request: No such file or directory - ./examples/all.js/all.js.js
!! Unexpected error while processing request: No such file or directory - /Users/voloko/code/ukijs.org/uki-theamless.js
>> Exiting!
>> Writing PID to thin.21119.pid
>> Thin web server (v1.2.5 codename This Is Not A Web Server)
>> Maximum connections set to 1024
>> Listening on 0.0.0.0:21119, CTRL+C to stop
!! Unexpected error while processing request: No such file or directory - ./views/favicon.ico.haml
!! Unexpected error while processing request: No such file or directory - ./views/favicon.ico.haml
!! Unexpected error while processing request: No such file or directory - ./views/favicon.ico.haml
!! Unexpected error while processing request: No such file or directory - ./views/favicon.ico.haml
!! Unexpected error while processing request: No such file or directory - ./views/favicon.ico.haml
!! Unexpected error while processing request: No such file or directory - ./views/favicon.ico.haml
>> Exiting!
>> Writing PID to thin.21119.pid
>> Thin web server (v1.2.5 codename This Is Not A Web Server)
>> Maximum connections set to 1024
>> Listening on 0.0.0.0:21119, CTRL+C to stop
!! Unexpected error while processing request: No such file or directory - ./views/favicon.ico.haml
!! Unexpected error while processing request: No such file or directory - ./views/favicon.ico.haml
>> Exiting!
>> Writing PID to thin.21119.pid
>> Thin web server (v1.2.5 codename This Is Not A Web Server)
>> Maximum connections set to 1024
>> Listening on 0.0.0.0:21119, CTRL+C to stop
>> Exiting!
>> Writing PID to thin.21119.pid
>> Thin web server (v1.2.5 codename This Is Not A Web Server)
>> Maximum connections set to 1024
>> Listening on 0.0.0.0:21119, CTRL+C to stop
!! Unexpected error while processing request: No such file or directory - /Users/voloko/code/ukijs.org/uki-theamless.js
!! Unexpected error while processing request: No such file or directory - ./examples/all.js/all.js.js
!! Unexpected error while processing request: No such file or directory - /Users/voloko/code/ukijs.org/uki-theamless.js
!! Unexpected error while processing request: No such file or directory - ./views/favicon.ico.haml
!! Unexpected error while processing request: No such file or directory - /Users/voloko/code/ukijs.org/uki-theamless.js
!! Unexpected error while processing request: No such file or directory - ./examples/all.js/all.js.js
!! Unexpected error while processing request: No such file or directory - /Users/voloko/code/ukijs.org/uki-theamless.js
!! Unexpected error while processing request: No such file or directory - ./views/favicon.ico.haml
/Users/voloko/code/ukijs.org/uki.rb:9: warning: already initialized constant SERVER_ROOT
Rack::Reloader: reloaded `/Users/voloko/code/ukijs.org/uki.rb'
!! Unexpected error while processing request: No such file or directory - ./Users/voloko/code/ukijs.org/../uki/src/uki.js
!! Unexpected error while processing request: No such file or directory - /Users/voloko/code/ukijs.org/examples/all.js/all.js.js
!! Unexpected error while processing request: No such file or directory - ./Users/voloko/code/ukijs.org/../uki/src/uki.js
!! Unexpected error while processing request: No such file or directory - ./views/favicon.ico.haml
>> Exiting!
>> Writing PID to thin.21119.pid
>> Thin web server (v1.2.5 codename This Is Not A Web Server)
>> Maximum connections set to 1024
>> Listening on 0.0.0.0:21119, CTRL+C to stop
!! Unexpected error while processing request: No such file or directory - /Users/voloko/code/ukijs.org/uki-theamless.js
!! Unexpected error while processing request: No such file or directory - ./examples/all.js/all.js.js
!! Unexpected error while processing request: No such file or directory - /Users/voloko/code/ukijs.org/uki-theamless.js
>> Exiting!
>> Writing PID to thin.21119.pid
>> Thin web server (v1.2.5 codename This Is Not A Web Server)
>> Maximum connections set to 1024
>> Listening on 0.0.0.0:21119, CTRL+C to stop
!! Unexpected error while processing request: No such file or directory - /Users/voloko/code/ukijs.org/uki-theamless.js
!! Unexpected error while processing request: No such file or directory - ./examples/all.js/all.js.js
!! Unexpected error while processing request: No such file or directory - /Users/voloko/code/ukijs.org/uki-theamless.js
!! Unexpected error while processing request: No such file or directory - ./views/favicon.ico.haml
!! Unexpected error while processing request: No such file or directory - ./examples/all.js/all.js.js
!! Unexpected error while processing request: No such file or directory - /Users/voloko/code/ukijs.org/uki-theamless.js
!! Unexpected error while processing request: No such file or directory - ./examples/all.js/all.js.js
!! Unexpected error while processing request: No such file or directory - ./views/favicon.ico.haml
!! Unexpected error while processing request: No such file or directory - /Users/voloko/code/ukijs.org/uki-theamless.js
!! Unexpected error while processing request: No such file or directory - ./examples/all.js/all.js.js
!! Unexpected error while processing request: No such file or directory - /Users/voloko/code/ukijs.org/uki-theamless.js
!! Unexpected error while processing request: No such file or directory - ./views/favicon.ico.haml
!! Unexpected error while processing request: No such file or directory - /Users/voloko/code/ukijs.org/uki-theamless.js
!! Unexpected error while processing request: No such file or directory - ./examples/all.js/all.js.js
!! Unexpected error while processing request: No such file or directory - /Users/voloko/code/ukijs.org/uki-theamless.js
!! Unexpected error while processing request: No such file or directory - ./views/favicon.ico.haml
!! Unexpected error while processing request: No such file or directory - /Users/voloko/code/ukijs.org/uki-theamless.js
!! Unexpected error while processing request: No such file or directory - ./examples/all.js/all.js.js
!! Unexpected error while processing request: No such file or directory - /Users/voloko/code/ukijs.org/uki-theamless.js
!! Unexpected error while processing request: No such file or directory - ./views/favicon.ico.haml
>> Exiting!
>> Writing PID to thin.21119.pid
>> Thin web server (v1.2.5 codename This Is Not A Web Server)
>> Maximum connections set to 1024
>> Listening on 0.0.0.0:21119, CTRL+C to stop
!! Unexpected error while processing request: No such file or directory - ./examples/all.js/all.js.js
!! Unexpected error while processing request: No such file or directory - /Users/voloko/code/ukijs.org/uki-theamless.js
!! Unexpected error while processing request: No such file or directory - ./examples/all.js/all.js.js
!! Unexpected error while processing request: No such file or directory - ./views/favicon.ico.haml
!! Unexpected error while processing request: No such file or directory - /Users/voloko/code/ukijs.org/uki-theamless.js
!! Unexpected error while processing request: No such file or directory - ./examples/all.js/all.js.js
!! Unexpected error while processing request: No such file or directory - /Users/voloko/code/ukijs.org/uki-theamless.js
!! Unexpected error while processing request: No such file or directory - ./views/favicon.ico.haml
!! Unexpected error while processing request: No such file or directory - /Users/voloko/code/ukijs.org/uki-theamless.js
!! Unexpected error while processing request: Not a directory - ./examples/all/all.js/all.js.js
!! Unexpected error while processing request: No such file or directory - /Users/voloko/code/ukijs.org/uki-theamless.js
>> Exiting!
>> Writing PID to thin.21119.pid
>> Thin web server (v1.2.5 codename This Is Not A Web Server)
>> Maximum connections set to 1024
>> Listening on 0.0.0.0:21119, CTRL+C to stop
!! Unexpected error while processing request: undefined method `match' for #<Sinatra::Request:0x563268>
!! Unexpected error while processing request: undefined method `match' for #<Sinatra::Request:0x50729c>
!! Unexpected error while processing request: undefined method `match' for #<Sinatra::Request:0x38eba4>
>> Exiting!
>> Writing PID to thin.21119.pid
>> Thin web server (v1.2.5 codename This Is Not A Web Server)
>> Maximum connections set to 1024
>> Listening on 0.0.0.0:21119, CTRL+C to stop
!! Unexpected error while processing request: No such file or directory - /Users/voloko/code/ukijs.org/uki-theamless.js
!! Unexpected error while processing request: Not a directory - ./examples/all/all.js/all.js.js
!! Unexpected error while processing request: Not a directory - ./examples/all/all.js/all.js.js
>> Exiting!
>> Writing PID to thin.21119.pid
>> Thin web server (v1.2.5 codename This Is Not A Web Server)
>> Maximum connections set to 1024
>> Listening on 0.0.0.0:21119, CTRL+C to stop
!! Unexpected error while processing request: No such file or directory - /Users/voloko/code/ukijs.org/uki-theamless.js
!! Unexpected error while processing request: No such file or directory - /Users/voloko/code/ukijs.org/uki-theamless.js
!! Unexpected error while processing request: Not a directory - ./examples/all/all.js/all.js.js
!! Unexpected error while processing request: Not a directory - ./examples/all/all.js/all.js.js
!! Unexpected error while processing request: No such file or directory - ./views/favicon.ico.haml
!! Unexpected error while processing request: No such file or directory - /Users/voloko/code/ukijs.org/uki-theamless.js
!! Unexpected error while processing request: No such file or directory - /Users/voloko/code/ukijs.org/uki-theamless.js
!! Unexpected error while processing request: Not a directory - ./examples/all/all.js/all.js.js
!! Unexpected error while processing request: Not a directory - ./examples/all/all.js/all.js.js
!! Unexpected error while processing request: No such file or directory - ./views/favicon.ico.haml
>> Exiting!
>> Writing PID to thin.21119.pid
>> Thin web server (v1.2.5 codename This Is Not A Web Server)
>> Maximum connections set to 1024
>> Listening on 0.0.0.0:21119, CTRL+C to stop
!! Unexpected error while processing request: undefined method `exists' for File:Class
!! Unexpected error while processing request: undefined method `exists' for File:Class
/Users/voloko/code/ukijs.org/uki.rb:9: warning: already initialized constant SERVER_ROOT
Rack::Reloader: reloaded `/Users/voloko/code/ukijs.org/uki.rb'
!! Unexpected error while processing request: undefined method `exists' for File:Class
>> Exiting!
>> Writing PID to thin.21119.pid
>> Thin web server (v1.2.5 codename This Is Not A Web Server)
>> Maximum connections set to 1024
>> Listening on 0.0.0.0:21119, CTRL+C to stop
!! Unexpected error while processing request: No such file or directory - ./views/examples/all/.haml
>> Exiting!
>> Writing PID to thin.21119.pid
>> Thin web server (v1.2.5 codename This Is Not A Web Server)
>> Maximum connections set to 1024
>> Listening on 0.0.0.0:21119, CTRL+C to stop
>> Exiting!
>> Writing PID to thin.21119.pid
>> Thin web server (v1.2.5 codename This Is Not A Web Server)
>> Maximum connections set to 1024
>> Listening on 0.0.0.0:21119, CTRL+C to stop
!! Unexpected error while processing request: No such file or directory - /Users/voloko/code/ukijs.org/uki-theamless.js
!! Unexpected error while processing request: No such file or directory - /Users/voloko/code/ukijs.org/uki-theamless.js
!! Unexpected error while processing request: Not a directory - ./examples/all/all.js/all.js.js
!! Unexpected error while processing request: Not a directory - ./examples/all/all.js/all.js.js
!! Unexpected error while processing request: No such file or directory - /Users/voloko/code/ukijs.org/uki-theamless.js
!! Unexpected error while processing request: No such file or directory - /Users/voloko/code/ukijs.org/uki-theamless.js
!! Unexpected error while processing request: Not a directory - ./examples/all/all.js/all.js.js
!! Unexpected error while processing request: Not a directory - ./examples/all/all.js/all.js.js
!! Unexpected error while processing request: No such file or directory - /Users/voloko/code/ukijs.org/uki-theamless.js
!! Unexpected error while processing request: No such file or directory - /Users/voloko/code/ukijs.org/uki-theamless.js
!! Unexpected error while processing request: Not a directory - ./examples/all/all.js/all.js.js
!! Unexpected error while processing request: Not a directory - ./examples/all/all.js/all.js.js
>> Exiting!
>> Writing PID to thin.21119.pid
>> Thin web server (v1.2.5 codename This Is Not A Web Server)
>> Maximum connections set to 1024
>> Listening on 0.0.0.0:21119, CTRL+C to stop
!! Unexpected error while processing request: No such file or directory - /Users/voloko/code/ukijs.org/uki-theamless.js
!! Unexpected error while processing request: No such file or directory - /Users/voloko/code/ukijs.org/uki-theamless.js
!! Unexpected error while processing request: No such file or directory - /Users/voloko/code/ukijs.org/uki-theamless.js
!! Unexpected error while processing request: No such file or directory - /Users/voloko/code/ukijs.org/uki-core/const.js
!! Unexpected error while processing request: No such file or directory - /Users/voloko/code/ukijs.org/uki-core/const.js
>> Exiting!
>> Writing PID to thin.21119.pid
>> Thin web server (v1.2.5 codename This Is Not A Web Server)
>> Maximum connections set to 1024
>> Listening on 0.0.0.0:21119, CTRL+C to stop
!! Unexpected error while processing request: No such file or directory - /Users/voloko/code/ukijs.org/uki-core/const.js
!! Unexpected error while processing request: No such file or directory - /Users/voloko/code/ukijs.org/uki-core/const.js
!! Unexpected error while processing request: No such file or directory - /Users/voloko/code/ukijs.org/uki-core/const.js
!! Unexpected error while processing request: No such file or directory - /Users/voloko/code/ukijs.org/uki-core/const.js
!! Unexpected error while processing request: No such file or directory - /Users/voloko/code/ukijs.org/uki-core/const.js
!! Unexpected error while processing request: No such file or directory - /Users/voloko/code/ukijs.org/uki-core/const.js
/Users/voloko/code/ukijs.org/uki.rb:9: warning: already initialized constant SERVER_ROOT
Rack::Reloader: reloaded `/Users/voloko/code/ukijs.org/uki.rb'
!! Unexpected error while processing request: No such file or directory - /Users/voloko/code/ukijs.org/uki-core/const.js
>> Exiting!
>> Writing PID to thin.21119.pid
>> Thin web server (v1.2.5 codename This Is Not A Web Server)
>> Maximum connections set to 1024
>> Listening on 0.0.0.0:21119, CTRL+C to stop
>> Waiting for 1 connection(s) to finish, can take up to 30 sec, CTRL+C to stop now
>> Exiting!
>> Writing PID to thin.21119.pid
>> Thin web server (v1.2.5 codename This Is Not A Web Server)
>> Maximum connections set to 1024
>> Listening on 0.0.0.0:21119, CTRL+C to stop
!! Unexpected error while processing request: No such file or directory - /Users/voloko/code/ukijs.org/uki-core/const.js
>> Exiting!
>> Writing PID to thin.21119.pid
>> Thin web server (v1.2.5 codename This Is Not A Web Server)
>> Maximum connections set to 1024
>> Listening on 0.0.0.0:21119, CTRL+C to stop
!! Unexpected error while processing request: No such file or directory - ./examples/controlls/all.js
!! Unexpected error while processing request: No such file or directory - ./examples/controlls/all.js
!! Unexpected error while processing request: No such file or directory - ./examples/splitPaneEx/splitPaneEx.js
!! Unexpected error while processing request: No such file or directory - ./examples/splitPane/splitPaneEx.js
!! Unexpected error while processing request: No such file or directory - ./examples/stress/splitPane.js
Rack::Reloader: reloaded `/Users/voloko/code/ukijs.org/lib/helpers.rb'
/Users/voloko/code/ukijs.org/uki.rb:9: warning: already initialized constant SERVER_ROOT
Rack::Reloader: reloaded `/Users/voloko/code/ukijs.org/uki.rb'
>> Waiting for 1 connection(s) to finish, can take up to 30 sec, CTRL+C to stop now
>> Writing PID to thin.21119.pid
>> Thin web server (v1.2.5 codename This Is Not A Web Server)
>> Maximum connections set to 1024
>> Listening on 0.0.0.0:21119, CTRL+C to stop
>> Waiting for 1 connection(s) to finish, can take up to 30 sec, CTRL+C to stop now
>> Exiting!
>> Writing PID to thin.21119.pid
>> Thin web server (v1.2.5 codename This Is Not A Web Server)
>> Maximum connections set to 1024
>> Listening on 0.0.0.0:21119, CTRL+C to stop
>> Waiting for 1 connection(s) to finish, can take up to 30 sec, CTRL+C to stop now
>> Writing PID to thin.21119.pid
>> Thin web server (v1.2.5 codename This Is Not A Web Server)
>> Maximum connections set to 1024
>> Listening on 0.0.0.0:21119, CTRL+C to stop
!! Unexpected error while processing request: No such file or directory - ./examples/wave/wave.cjs/wave.cjs.js
!! Unexpected error while processing request: No such file or directory - ./examples/wave/wave-theme.cjs/wave-theme.cjs.js
!! Unexpected error while processing request: No such file or directory - ./examples/wave/wave.cjs/wave.cjs.js
!! Unexpected error while processing request: No such file or directory - ./examples/wave/wave-theme.cjs/wave-theme.cjs.js
!! Unexpected error while processing request: No such file or directory - ./examples/wave/wave-theme.cjs/wave-theme.cjs.js
!! Unexpected error while processing request: No such file or directory - ./examples/wave/wave.cjs/wave.cjs.js
!! Unexpected error while processing request: No such file or directory - ./examples/wave/wave-theme.cjs/wave-theme.cjs.js
!! Unexpected error while processing request: No such file or directory - ./examples/wave/wave.cjs/wave.cjs.js
!! Unexpected error while processing request: No such file or directory - ./examples/wave/wave-theme.cjs/wave-theme.cjs.js
!! Unexpected error while processing request: No such file or directory - ./examples/wave/wave-theme.cjs/wave-theme.cjs.js
!! Unexpected error while processing request: No such file or directory - ./examples/wave/wave.cjs/wave.cjs.js
!! Unexpected error while processing request: No such file or directory - ./examples/wave/wave-theme.cjs/wave-theme.cjs.js
!! Unexpected error while processing request: Not a directory - ./examples/wave/voloko.jpg/voloko.jpg.js
!! Unexpected error while processing request: Not a directory - ./examples/wave/voloko.jpg/voloko.jpg.js
!! Unexpected error while processing request: Not a directory - ./examples/wave/voloko.jpg/voloko.jpg.js
!! Unexpected error while processing request: Not a directory - ./examples/wave/voloko.jpg/voloko.jpg.js
!! Unexpected error while processing request: Not a directory - ./examples/wave/voloko.jpg/voloko.jpg.js
!! Unexpected error while processing request: Not a directory - ./examples/wave/voloko.jpg/voloko.jpg.js
!! Unexpected error while processing request: Not a directory - ./examples/wave/voloko.jpg/voloko.jpg.js
!! Unexpected error while processing request: Not a directory - ./examples/wave/voloko.jpg/voloko.jpg.js
!! Unexpected error while processing request: Not a directory - ./examples/wave/voloko.jpg/voloko.jpg.js
!! Unexpected error while processing request: Not a directory - ./examples/wave/voloko.jpg/voloko.jpg.js
!! Unexpected error while processing request: Not a directory - ./examples/wave/voloko.jpg/voloko.jpg.js
!! Unexpected error while processing request: Not a directory - ./examples/wave/voloko.jpg/voloko.jpg.js
!! Unexpected error while processing request: Not a directory - ./examples/wave/voloko.jpg/voloko.jpg.js
>> Exiting!
>> Writing PID to thin.21119.pid
>> Thin web server (v1.2.5 codename This Is Not A Web Server)
>> Maximum connections set to 1024
>> Listening on 0.0.0.0:21119, CTRL+C to stop
!! Unexpected error while processing request: Not a directory - ./examples/wave/voloko.jpg/voloko.jpg.js
!! Unexpected error while processing request: Not a directory - ./examples/wave/voloko.jpg/voloko.jpg.js
>> Exiting!
>> Writing PID to thin.21119.pid
>> Thin web server (v1.2.5 codename This Is Not A Web Server)
>> Maximum connections set to 1024
>> Listening on 0.0.0.0:21119, CTRL+C to stop
!! Unexpected error while processing request: No such file or directory - ./app/css/master.css
!! Unexpected error while processing request: No such file or directory - ./src/uki.cjs
!! Unexpected error while processing request: No such file or directory - ./app/css/master.css
!! Unexpected error while processing request: No such file or directory - ./app/promo.js
!! Unexpected error while processing request: No such file or directory - ./app/hlt/shCore.js
!! Unexpected error while processing request: No such file or directory - ./app/hlt/shCore.css
!! Unexpected error while processing request: No such file or directory - ./app/hlt/shBrushJScript.js
!! Unexpected error while processing request: No such file or directory - ./app/hlt/shThemeUki.css
!! Unexpected error while processing request: No such file or directory - ./src/uki.cjs
!! Unexpected error while processing request: No such file or directory - ./app/css/master.css
!! Unexpected error while processing request: No such file or directory - ./src/uki.cjs
!! Unexpected error while processing request: No such file or directory - ./app/promo.js
!! Unexpected error while processing request: No such file or directory - ./app/hlt/shCore.js
!! Unexpected error while processing request: No such file or directory - ./app/hlt/shCore.css
!! Unexpected error while processing request: No such file or directory - ./app/hlt/shBrushJScript.js
!! Unexpected error while processing request: No such file or directory - ./app/hlt/shThemeUki.css
!! Unexpected error while processing request: No such file or directory - ./favicon.ico
!! Unexpected error while processing request: No such file or directory - ./css/master.css
!! Unexpected error while processing request: No such file or directory - ./app/promo.js
!! Unexpected error while processing request: No such file or directory - ./app/hlt/shCore.js
!! Unexpected error while processing request: No such file or directory - ./app/hlt/shBrushJScript.js
!! Unexpected error while processing request: No such file or directory - ./app/hlt/shCore.css
!! Unexpected error while processing request: No such file or directory - ./app/promo.js
!! Unexpected error while processing request: No such file or directory - ./app/hlt/shThemeUki.css
!! Unexpected error while processing request: No such file or directory - ./favicon.ico
>> Exiting!
>> Writing PID to thin.21119.pid
>> Thin web server (v1.2.5 codename This Is Not A Web Server)
>> Maximum connections set to 1024
>> Listening on 0.0.0.0:21119, CTRL+C to stop
!! Unexpected error while processing request: Is a directory - ./public/css/
!! Unexpected error while processing request: Is a directory - ./public/css/
>> Exiting!
>> Writing PID to thin.21119.pid
>> Thin web server (v1.2.5 codename This Is Not A Web Server)
>> Maximum connections set to 1024
>> Listening on 0.0.0.0:21119, CTRL+C to stop
>> Waiting for 1 connection(s) to finish, can take up to 30 sec, CTRL+C to stop now
>> Exiting!
>> Writing PID to thin.21119.pid
>> Thin web server (v1.2.5 codename This Is Not A Web Server)
>> Maximum connections set to 1024
>> Listening on 0.0.0.0:21119, CTRL+C to stop
>> Exiting!
>> Writing PID to thin.21119.pid
>> Thin web server (v1.2.5 codename This Is Not A Web Server)
>> Maximum connections set to 1024
>> Listening on 0.0.0.0:21119, CTRL+C to stop
>> Exiting!
>> Writing PID to thin.21119.pid
>> Thin web server (v1.2.5 codename This Is Not A Web Server)
>> Maximum connections set to 1024
>> Listening on 0.0.0.0:21119, CTRL+C to stop
/Users/voloko/code/ukijs.org/uki.rb:9: warning: already initialized constant SERVER_ROOT
Rack::Reloader: reloaded `/Users/voloko/code/ukijs.org/uki.rb'
>> Waiting for 1 connection(s) to finish, can take up to 30 sec, CTRL+C to stop now
>> Writing PID to thin.21119.pid
>> Thin web server (v1.2.5 codename This Is Not A Web Server)
>> Maximum connections set to 1024
>> Listening on 0.0.0.0:21119, CTRL+C to stop
>> Waiting for 4 connection(s) to finish, can take up to 30 sec, CTRL+C to stop now
>> Exiting!
>> Writing PID to thin.21119.pid
>> Thin web server (v1.2.5 codename This Is Not A Web Server)
>> Maximum connections set to 1024
>> Listening on 0.0.0.0:21119, CTRL+C to stop
!! Unexpected error while processing request: No such file or directory - /Users/voloko/code/ukijs.org/examples/slider/attachment.js
!! Unexpected error while processing request: No such file or directory - /Users/voloko/code/ukijs.org/examples/slider/attachment.js
!! Unexpected error while processing request: No such file or directory - /Users/voloko/code/ukijs.org/examples/slider/attachment.js
>> Writing PID to thin.21119.pid
>> Thin web server (v1.2.5 codename This Is Not A Web Server)
>> Maximum connections set to 1024
>> Listening on 0.0.0.0:21119, CTRL+C to stop
